Copyright 1986-2020 Xilinx, Inc. All Rights Reserved.
--------------------------------------------------------------------------------------
| Tool Version : Vivado v.2020.2 (win64) Build 3064766 Wed Nov 18 09:12:45 MST 2020
| Date         : Thu May  7 09:27:35 2026
| Host         : DESKTOP-7CFQ9ND running 64-bit major release  (build 9200)
| Command      : report_control_sets -verbose -file slave_top_control_sets_placed.rpt
| Design       : slave_top
| Device       : xc7a35t
--------------------------------------------------------------------------------------

Control Set Information

Table of Contents
-----------------
1. Summary
2. Histogram
3. Flip-Flop Distribution
4. Detailed Control Set Information

1. Summary
----------

+----------------------------------------------------------+-------+
|                          Status                          | Count |
+----------------------------------------------------------+-------+
| Total control sets                                       |     7 |
|    Minimum number of control sets                        |     7 |
|    Addition due to synthesis replication                 |     0 |
|    Addition due to physical synthesis replication        |     0 |
| Unused register locations in slices containing registers |    16 |
+----------------------------------------------------------+-------+
* Control sets can be merged at opt_design using control_set_merge or merge_equivalent_drivers
** Run report_qor_suggestions for automated merging and remapping suggestions


2. Histogram
------------

+--------------------+-------+
|       Fanout       | Count |
+--------------------+-------+
| Total control sets |     7 |
| >= 0 to < 4        |     2 |
| >= 4 to < 6        |     0 |
| >= 6 to < 8        |     0 |
| >= 8 to < 10       |     4 |
| >= 10 to < 12      |     0 |
| >= 12 to < 14      |     0 |
| >= 14 to < 16      |     0 |
| >= 16              |     1 |
+--------------------+-------+
* Control sets can be remapped at either synth_design or opt_design


3. Flip-Flop Distribution
-------------------------

+--------------+-----------------------+------------------------+-----------------+--------------+
| Clock Enable | Synchronous Set/Reset | Asynchronous Set/Reset | Total Registers | Total Slices |
+--------------+-----------------------+------------------------+-----------------+--------------+
| No           | No                    | No                     |               1 |            1 |
| No           | No                    | Yes                    |              31 |           12 |
| No           | Yes                   | No                     |               0 |            0 |
| Yes          | No                    | No                     |               0 |            0 |
| Yes          | No                    | Yes                    |              24 |           11 |
| Yes          | Yes                   | No                     |               8 |            2 |
+--------------+-----------------------+------------------------+-----------------+--------------+


4. Detailed Control Set Information
-----------------------------------

+---------------------------+------------------------------+------------------------------+------------------+----------------+--------------+
|        Clock Signal       |         Enable Signal        |       Set/Reset Signal       | Slice Load Count | Bel Load Count | Bels / Slice |
+---------------------------+------------------------------+------------------------------+------------------+----------------+--------------+
|  clk_IBUF_BUFG            |                              |                              |                1 |              1 |         1.00 |
|  U_FND_CTRL/u_clk_div/CLK |                              | rst_IBUF                     |                2 |              2 |         1.00 |
|  clk_IBUF_BUFG            | U_I2C_SLV/rx_data[7]_i_2_n_0 | U_I2C_SLV/rx_data[7]_i_1_n_0 |                2 |              8 |         4.00 |
|  clk_IBUF_BUFG            | U_I2C_SLV/rx_shift_reg_0     | rst_IBUF                     |                5 |              8 |         1.60 |
|  clk_IBUF_BUFG            | U_I2C_SLV/tx_shift_reg_1     | rst_IBUF                     |                3 |              8 |         2.67 |
|  clk_IBUF_BUFG            | U_I2C_SLV/E[0]               | rst_IBUF                     |                3 |              8 |         2.67 |
|  clk_IBUF_BUFG            |                              | rst_IBUF                     |               10 |             29 |         2.90 |
+---------------------------+------------------------------+------------------------------+------------------+----------------+--------------+


