#-----------------------------------------------------------
# Vivado v2020.2 (64-bit)
# SW Build 3064766 on Wed Nov 18 09:12:45 MST 2020
# IP Build 3064653 on Wed Nov 18 14:17:31 MST 2020
# Start of session at: Wed May  6 16:24:40 2026
# Process ID: 19300
# Current directory: D:/Verilog_2026_Project/99_ppt/L05_AXI_SPI_I2C/Master_SPI_I2C
# Command line: vivado.exe -gui_launcher_event rodinguilauncherevent27584 D:\Verilog_2026_Project\99_ppt\L05_AXI_SPI_I2C\Master_SPI_I2C\Master_SPI_I2C.xpr
# Log file: D:/Verilog_2026_Project/99_ppt/L05_AXI_SPI_I2C/Master_SPI_I2C/vivado.log
# Journal file: D:/Verilog_2026_Project/99_ppt/L05_AXI_SPI_I2C/Master_SPI_I2C\vivado.jou
#-----------------------------------------------------------
start_gui
open_project D:/Verilog_2026_Project/99_ppt/L05_AXI_SPI_I2C/Master_SPI_I2C/Master_SPI_I2C.xpr
INFO: [Project 1-313] Project file moved from 'D:/Verilog_2026_Project/99_presentation/L05_Micro_Blaze_SPI_I2C/Master_SPI_I2C' since last save.
Scanning sources...
Finished scanning sources
INFO: [IP_Flow 19-234] Refreshing IP repositories
INFO: [IP_Flow 19-1700] Loaded user IP repository 'd:/Verilog_2026_Project/04_Vitis_IDE/Z00_ip_repo'.
INFO: [IP_Flow 19-2313] Loaded Vivado IP repository 'C:/Xilinx/Vivado/2020.2/data/ip'.
open_project: Time (s): cpu = 00:00:13 ; elapsed = 00:00:06 . Memory (MB): peak = 1108.137 ; gain = 0.000
update_compile_order -fileset sources_1
reset_run impl_1 -prev_step 
launch_runs impl_1 -to_step write_bitstream -jobs 16
[Wed May  6 16:25:17 2026] Launched impl_1...
Run output will be captured here: D:/Verilog_2026_Project/99_ppt/L05_AXI_SPI_I2C/Master_SPI_I2C/Master_SPI_I2C.runs/impl_1/runme.log
reset_run impl_1 -prev_step 
WARNING: [Vivado 12-1017] Problems encountered:
1. PID not specified

open_bd_design {D:/Verilog_2026_Project/99_ppt/L05_AXI_SPI_I2C/Master_SPI_I2C/Master_SPI_I2C.srcs/sources_1/bd/design_1/design_1.bd}
Reading block design file <D:/Verilog_2026_Project/99_ppt/L05_AXI_SPI_I2C/Master_SPI_I2C/Master_SPI_I2C.srcs/sources_1/bd/design_1/design_1.bd>...
Adding component instance block -- xilinx.com:ip:microblaze:11.0 - microblaze_0
Adding component instance block -- xilinx.com:ip:lmb_v10:3.0 - dlmb_v10
Adding component instance block -- xilinx.com:ip:lmb_v10:3.0 - ilmb_v10
Adding component instance block -- xilinx.com:ip:lmb_bram_if_cntlr:4.0 - dlmb_bram_if_cntlr
Adding component instance block -- xilinx.com:ip:lmb_bram_if_cntlr:4.0 - ilmb_bram_if_cntlr
Adding component instance block -- xilinx.com:ip:blk_mem_gen:8.4 - lmb_bram
Adding component instance block -- xilinx.com:ip:axi_interconnect:2.1 - microblaze_0_axi_periph
Adding component instance block -- xilinx.com:ip:axi_crossbar:2.1 - xbar
Adding component instance block -- xilinx.com:ip:axi_intc:4.1 - microblaze_0_axi_intc
Adding component instance block -- xilinx.com:ip:xlconcat:2.1 - microblaze_0_xlconcat
Adding component instance block -- xilinx.com:ip:mdm:3.2 - mdm_1
Adding component instance block -- xilinx.com:ip:clk_wiz:6.0 - clk_wiz_1
Adding component instance block -- xilinx.com:ip:proc_sys_reset:5.0 - rst_clk_wiz_1_100M
Adding component instance block -- xilinx.com:ip:axi_uartlite:2.0 - axi_uartlite_0
Adding component instance block -- xilinx.com:user:GPIO:1.0 - GPIO_0
Adding component instance block -- xilinx.com:user:TMR:1.0 - TMR_0
Adding component instance block -- xilinx.com:user:TMR:1.0 - TMR_1
Adding component instance block -- xilinx.com:user:TMR:1.0 - TMR_2
Adding component instance block -- xilinx.com:user:SIP_master:1.0 - SIP_master_0
Adding component instance block -- xilinx.com:user:GPIO:1.0 - GPIO_1
Adding component instance block -- xilinx.com:user:GPIO:1.0 - GPIO_2
Adding component instance block -- xilinx.com:user:I2C_master:1.0 - I2C_master_0
Successfully read diagram <design_1> from block design file <D:/Verilog_2026_Project/99_ppt/L05_AXI_SPI_I2C/Master_SPI_I2C/Master_SPI_I2C.srcs/sources_1/bd/design_1/design_1.bd>
open_bd_design: Time (s): cpu = 00:00:08 ; elapsed = 00:00:07 . Memory (MB): peak = 1186.023 ; gain = 77.887
reset_run impl_1 -prev_step 
WARNING: [Vivado 12-1017] Problems encountered:
1. PID not specified

regenerate_bd_layout
regenerate_bd_layout
regenerate_bd_layout
regenerate_bd_layout
regenerate_bd_layout
regenerate_bd_layout
set_property location {5 1591 -416} [get_bd_cells TMR_0]
regenerate_bd_layout
regenerate_bd_layout
regenerate_bd_layout
regenerate_bd_layout
validate_bd_design -force
INFO: [xilinx.com:ip:clk_wiz:6.0-1] /clk_wiz_1 clk_wiz propagate
INFO: [xilinx.com:ip:axi_intc:4.1-1] /microblaze_0_axi_intc: The AXI INTC core has been configured to operate with synchronous clocks.
validate_bd_design: Time (s): cpu = 00:00:08 ; elapsed = 00:00:08 . Memory (MB): peak = 1322.227 ; gain = 22.922
save_bd_design
Wrote  : <D:\Verilog_2026_Project\99_ppt\L05_AXI_SPI_I2C\Master_SPI_I2C\Master_SPI_I2C.srcs\sources_1\bd\design_1\design_1.bd> 
Wrote  : <D:/Verilog_2026_Project/99_ppt/L05_AXI_SPI_I2C/Master_SPI_I2C/Master_SPI_I2C.srcs/sources_1/bd/design_1/ui/bd_1f5defd0.ui> 
reset_run synth_1
launch_runs synth_1 -jobs 16
INFO: [BD 41-1662] The design 'design_1.bd' is already validated. Therefore parameter propagation will not be re-run.
VHDL Output written to : d:/Verilog_2026_Project/99_ppt/L05_AXI_SPI_I2C/Master_SPI_I2C/Master_SPI_I2C.gen/sources_1/bd/design_1/synth/design_1.v
VHDL Output written to : d:/Verilog_2026_Project/99_ppt/L05_AXI_SPI_I2C/Master_SPI_I2C/Master_SPI_I2C.gen/sources_1/bd/design_1/sim/design_1.v
VHDL Output written to : d:/Verilog_2026_Project/99_ppt/L05_AXI_SPI_I2C/Master_SPI_I2C/Master_SPI_I2C.gen/sources_1/bd/design_1/hdl/design_1_wrapper.v
Exporting to file d:/Verilog_2026_Project/99_ppt/L05_AXI_SPI_I2C/Master_SPI_I2C/Master_SPI_I2C.gen/sources_1/bd/design_1/hw_handoff/design_1.hwh
Generated Block Design Tcl file d:/Verilog_2026_Project/99_ppt/L05_AXI_SPI_I2C/Master_SPI_I2C/Master_SPI_I2C.gen/sources_1/bd/design_1/hw_handoff/design_1_bd.tcl
Generated Hardware Definition File d:/Verilog_2026_Project/99_ppt/L05_AXI_SPI_I2C/Master_SPI_I2C/Master_SPI_I2C.gen/sources_1/bd/design_1/synth/design_1.hwdef
[Wed May  6 16:26:46 2026] Launched synth_1...
Run output will be captured here: D:/Verilog_2026_Project/99_ppt/L05_AXI_SPI_I2C/Master_SPI_I2C/Master_SPI_I2C.runs/synth_1/runme.log
launch_runs: Time (s): cpu = 00:00:02 ; elapsed = 00:00:06 . Memory (MB): peak = 1557.387 ; gain = 162.270
launch_runs impl_1 -jobs 16
[Wed May  6 16:30:14 2026] Launched impl_1...
Run output will be captured here: D:/Verilog_2026_Project/99_ppt/L05_AXI_SPI_I2C/Master_SPI_I2C/Master_SPI_I2C.runs/impl_1/runme.log
close_bd_design [get_bd_designs design_1]
launch_runs impl_1 -to_step write_bitstream -jobs 16
[Wed May  6 16:31:54 2026] Launched impl_1...
Run output will be captured here: D:/Verilog_2026_Project/99_ppt/L05_AXI_SPI_I2C/Master_SPI_I2C/Master_SPI_I2C.runs/impl_1/runme.log
write_hw_platform -fixed -include_bit -force -file D:/Verilog_2026_Project/99_ppt/L05_AXI_SPI_I2C/XSA/design_1_wrapper.xsa
INFO: [Vivado 12-4895] Creating Hardware Platform: D:/Verilog_2026_Project/99_ppt/L05_AXI_SPI_I2C/XSA/design_1_wrapper.xsa ...
INFO: [Hsi 55-2053] elapsed time for repository (C:/Xilinx/Vivado/2020.2/data\embeddedsw) loading 1 seconds
WARNING: [Project 1-645] Board images not set in Hardware Platform.
INFO: [Vivado 12-12467] The Hardware Platform can be used for Hardware
INFO: [Vivado 12-4896] Successfully created Hardware Platform: D:/Verilog_2026_Project/99_ppt/L05_AXI_SPI_I2C/XSA/design_1_wrapper.xsa
WARNING: [IP_Flow 19-4318] IP-XACT file does not exist: d:/Verilog_2026_Project/04_Vitis_IDE/Z00_ip_repo/SIP_master_1.0/component.xml. It will be created.
WARNING: [IP_Flow 19-4318] IP-XACT file does not exist: d:/Verilog_2026_Project/04_Vitis_IDE/Z00_ip_repo/I2C_master_1.0/component.xml. It will be created.
WARNING: [IP_Flow 19-4318] IP-XACT file does not exist: d:/Verilog_2026_Project/04_Vitis_IDE/Z00_ip_repo/TMR_1.0/component.xml. It will be created.
WARNING: [IP_Flow 19-4318] IP-XACT file does not exist: d:/Verilog_2026_Project/04_Vitis_IDE/Z00_ip_repo/GPIO_1.0/component.xml. It will be created.
update_ip_catalog -rebuild -scan_changes
INFO: [IP_Flow 19-234] Refreshing IP repositories
WARNING: [IP_Flow 19-2248] Failed to load user IP repository 'd:/Verilog_2026_Project/04_Vitis_IDE/Z00_ip_repo'; Can't find the specified path.
If this directory should no longer be in your list of user repositories, go to the IP Settings dialog and remove it.
report_ip_status -name ip_status
set_property  ip_repo_paths  {} [current_project]
update_ip_catalog
INFO: [IP_Flow 19-234] Refreshing IP repositories
INFO: [IP_Flow 19-1704] No user IP repositories specified
set_property  ip_repo_paths  D:/Verilog_2026_Project/Z_ip_repo [current_project]
update_ip_catalog
INFO: [IP_Flow 19-234] Refreshing IP repositories
INFO: [IP_Flow 19-1700] Loaded user IP repository 'd:/Verilog_2026_Project/Z_ip_repo'.
report_ip_status -name ip_status 
upgrade_ip [get_ips  {I2C_master_0 design_1_GPIO_1_0 design_1_GPIO_0_1 design_1_GPIO_2_0 design_1_TMR_0_1 design_1_I2C_master_0_0 design_1_SIP_master_0_0 design_1_TMR_2_0 design_1_TMR_1_0}] -log ip_upgrade.log
Upgrading 'I2C_master_0'
INFO: [IP_Flow 19-1972] Upgraded I2C_master_0 from I2C_master_v1.0 1.0 to I2C_master_v1.0 1.0
INFO: [IP_Flow 19-1686] Generating 'Instantiation Template' target for IP 'I2C_master_0'...
Reading block design file <D:/Verilog_2026_Project/99_ppt/L05_AXI_SPI_I2C/Master_SPI_I2C/Master_SPI_I2C.srcs/sources_1/bd/design_1/design_1.bd>...
Adding component instance block -- xilinx.com:ip:microblaze:11.0 - microblaze_0
Adding component instance block -- xilinx.com:ip:lmb_v10:3.0 - dlmb_v10
Adding component instance block -- xilinx.com:ip:lmb_v10:3.0 - ilmb_v10
Adding component instance block -- xilinx.com:ip:lmb_bram_if_cntlr:4.0 - dlmb_bram_if_cntlr
Adding component instance block -- xilinx.com:ip:lmb_bram_if_cntlr:4.0 - ilmb_bram_if_cntlr
Adding component instance block -- xilinx.com:ip:blk_mem_gen:8.4 - lmb_bram
Adding component instance block -- xilinx.com:ip:axi_interconnect:2.1 - microblaze_0_axi_periph
Adding component instance block -- xilinx.com:ip:axi_crossbar:2.1 - xbar
Adding component instance block -- xilinx.com:ip:axi_intc:4.1 - microblaze_0_axi_intc
Adding component instance block -- xilinx.com:ip:xlconcat:2.1 - microblaze_0_xlconcat
Adding component instance block -- xilinx.com:ip:mdm:3.2 - mdm_1
Adding component instance block -- xilinx.com:ip:clk_wiz:6.0 - clk_wiz_1
Adding component instance block -- xilinx.com:ip:proc_sys_reset:5.0 - rst_clk_wiz_1_100M
Adding component instance block -- xilinx.com:ip:axi_uartlite:2.0 - axi_uartlite_0
Adding component instance block -- xilinx.com:user:GPIO:1.0 - GPIO_0
Adding component instance block -- xilinx.com:user:TMR:1.0 - TMR_0
Adding component instance block -- xilinx.com:user:TMR:1.0 - TMR_1
Adding component instance block -- xilinx.com:user:TMR:1.0 - TMR_2
Adding component instance block -- xilinx.com:user:SIP_master:1.0 - SIP_master_0
Adding component instance block -- xilinx.com:user:GPIO:1.0 - GPIO_1
Adding component instance block -- xilinx.com:user:GPIO:1.0 - GPIO_2
Adding component instance block -- xilinx.com:user:I2C_master:1.0 - I2C_master_0
Successfully read diagram <design_1> from block design file <D:/Verilog_2026_Project/99_ppt/L05_AXI_SPI_I2C/Master_SPI_I2C/Master_SPI_I2C.srcs/sources_1/bd/design_1/design_1.bd>
Upgrading 'D:/Verilog_2026_Project/99_ppt/L05_AXI_SPI_I2C/Master_SPI_I2C/Master_SPI_I2C.srcs/sources_1/bd/design_1/design_1.bd'
INFO: [IP_Flow 19-1972] Upgraded design_1_GPIO_0_1 from GPIO_v1.0 1.0 to GPIO_v1.0 1.0
INFO: [IP_Flow 19-1972] Upgraded design_1_GPIO_1_0 from GPIO_v1.0 1.0 to GPIO_v1.0 1.0
INFO: [IP_Flow 19-1972] Upgraded design_1_GPIO_2_0 from GPIO_v1.0 1.0 to GPIO_v1.0 1.0
INFO: [IP_Flow 19-1972] Upgraded design_1_I2C_master_0_0 from I2C_master_v1.0 1.0 to I2C_master_v1.0 1.0
INFO: [IP_Flow 19-1972] Upgraded design_1_SIP_master_0_0 from SIP_master_v1.0 1.0 to SIP_master_v1.0 1.0
INFO: [IP_Flow 19-1972] Upgraded design_1_TMR_0_1 from TMR_v1.0 1.0 to TMR_v1.0 1.0
INFO: [IP_Flow 19-1972] Upgraded design_1_TMR_1_0 from TMR_v1.0 1.0 to TMR_v1.0 1.0
INFO: [IP_Flow 19-1972] Upgraded design_1_TMR_2_0 from TMR_v1.0 1.0 to TMR_v1.0 1.0
Wrote  : <D:\Verilog_2026_Project\99_ppt\L05_AXI_SPI_I2C\Master_SPI_I2C\Master_SPI_I2C.srcs\sources_1\bd\design_1\design_1.bd> 
Wrote  : <D:/Verilog_2026_Project/99_ppt/L05_AXI_SPI_I2C/Master_SPI_I2C/Master_SPI_I2C.srcs/sources_1/bd/design_1/ui/bd_1f5defd0.ui> 
INFO: [Coretcl 2-1525] Wrote upgrade log to 'D:/Verilog_2026_Project/99_ppt/L05_AXI_SPI_I2C/Master_SPI_I2C/ip_upgrade.log'.
export_ip_user_files -of_objects [get_ips {I2C_master_0 design_1_GPIO_1_0 design_1_GPIO_0_1 design_1_GPIO_2_0 design_1_TMR_0_1 design_1_I2C_master_0_0 design_1_SIP_master_0_0 design_1_TMR_2_0 design_1_TMR_1_0}] -no_script -sync -force -quiet
reset_run synth_1
launch_runs impl_1 -to_step write_bitstream -jobs 16
INFO: [xilinx.com:ip:clk_wiz:6.0-1] /clk_wiz_1 clk_wiz propagate
INFO: [xilinx.com:ip:axi_intc:4.1-1] /microblaze_0_axi_intc: The AXI INTC core has been configured to operate with synchronous clocks.
Wrote  : <D:\Verilog_2026_Project\99_ppt\L05_AXI_SPI_I2C\Master_SPI_I2C\Master_SPI_I2C.srcs\sources_1\bd\design_1\design_1.bd> 
VHDL Output written to : d:/Verilog_2026_Project/99_ppt/L05_AXI_SPI_I2C/Master_SPI_I2C/Master_SPI_I2C.gen/sources_1/bd/design_1/synth/design_1.v
VHDL Output written to : d:/Verilog_2026_Project/99_ppt/L05_AXI_SPI_I2C/Master_SPI_I2C/Master_SPI_I2C.gen/sources_1/bd/design_1/sim/design_1.v
VHDL Output written to : d:/Verilog_2026_Project/99_ppt/L05_AXI_SPI_I2C/Master_SPI_I2C/Master_SPI_I2C.gen/sources_1/bd/design_1/hdl/design_1_wrapper.v
INFO: [BD 41-1029] Generation completed for the IP Integrator block GPIO_0 .
INFO: [BD 41-1029] Generation completed for the IP Integrator block TMR_0 .
INFO: [BD 41-1029] Generation completed for the IP Integrator block TMR_1 .
INFO: [BD 41-1029] Generation completed for the IP Integrator block TMR_2 .
INFO: [BD 41-1029] Generation completed for the IP Integrator block SIP_master_0 .
INFO: [BD 41-1029] Generation completed for the IP Integrator block GPIO_1 .
INFO: [BD 41-1029] Generation completed for the IP Integrator block GPIO_2 .
INFO: [BD 41-1029] Generation completed for the IP Integrator block I2C_master_0 .
Exporting to file d:/Verilog_2026_Project/99_ppt/L05_AXI_SPI_I2C/Master_SPI_I2C/Master_SPI_I2C.gen/sources_1/bd/design_1/hw_handoff/design_1.hwh
Generated Block Design Tcl file d:/Verilog_2026_Project/99_ppt/L05_AXI_SPI_I2C/Master_SPI_I2C/Master_SPI_I2C.gen/sources_1/bd/design_1/hw_handoff/design_1_bd.tcl
Generated Hardware Definition File d:/Verilog_2026_Project/99_ppt/L05_AXI_SPI_I2C/Master_SPI_I2C/Master_SPI_I2C.gen/sources_1/bd/design_1/synth/design_1.hwdef
[Wed May  6 16:38:21 2026] Launched synth_1...
Run output will be captured here: D:/Verilog_2026_Project/99_ppt/L05_AXI_SPI_I2C/Master_SPI_I2C/Master_SPI_I2C.runs/synth_1/runme.log
[Wed May  6 16:38:21 2026] Launched impl_1...
Run output will be captured here: D:/Verilog_2026_Project/99_ppt/L05_AXI_SPI_I2C/Master_SPI_I2C/Master_SPI_I2C.runs/impl_1/runme.log
launch_runs: Time (s): cpu = 00:00:09 ; elapsed = 00:00:11 . Memory (MB): peak = 1744.031 ; gain = 0.000
close_bd_design [get_bd_designs design_1]
report_ip_status -name ip_status 
exit
INFO: [Common 17-206] Exiting Vivado at Wed May  6 16:47:17 2026...
