#-----------------------------------------------------------
# Vivado v2020.2 (64-bit)
# SW Build 3064766 on Wed Nov 18 09:12:45 MST 2020
# IP Build 3064653 on Wed Nov 18 14:17:31 MST 2020
# Start of session at: Mon May  4 19:41:34 2026
# Process ID: 12364
# Current directory: D:/Verilog_2026_Project/99_presentation/L05_Micro_Blaze_SPI_I2C/Master_SPI_I2C
# Command line: vivado.exe -gui_launcher_event rodinguilauncherevent7044 D:\Verilog_2026_Project\99_presentation\L05_Micro_Blaze_SPI_I2C\Master_SPI_I2C\Master_SPI_I2C.xpr
# Log file: D:/Verilog_2026_Project/99_presentation/L05_Micro_Blaze_SPI_I2C/Master_SPI_I2C/vivado.log
# Journal file: D:/Verilog_2026_Project/99_presentation/L05_Micro_Blaze_SPI_I2C/Master_SPI_I2C\vivado.jou
#-----------------------------------------------------------
start_gui
open_project D:/Verilog_2026_Project/99_presentation/L05_Micro_Blaze_SPI_I2C/Master_SPI_I2C/Master_SPI_I2C.xpr
Scanning sources...
Finished scanning sources
INFO: [IP_Flow 19-234] Refreshing IP repositories
INFO: [IP_Flow 19-1700] Loaded user IP repository 'd:/Verilog_2026_Project/04_Vitis_IDE/Z00_ip_repo'.
INFO: [IP_Flow 19-2313] Loaded Vivado IP repository 'C:/Xilinx/Vivado/2020.2/data/ip'.
open_project: Time (s): cpu = 00:00:20 ; elapsed = 00:00:13 . Memory (MB): peak = 1084.578 ; gain = 0.000
update_compile_order -fileset sources_1
create_ip -name I2C_master -vendor xilinx.com -library user -version 1.0 -module_name I2C_master_0
generate_target {instantiation_template} [get_files d:/Verilog_2026_Project/99_presentation/L05_Micro_Blaze_SPI_I2C/Master_SPI_I2C/Master_SPI_I2C.srcs/sources_1/ip/I2C_master_0/I2C_master_0.xci]
INFO: [IP_Flow 19-1686] Generating 'Instantiation Template' target for IP 'I2C_master_0'...
update_compile_order -fileset sources_1
ipx::edit_ip_in_project -upgrade true -name I2C_master_v1_0_project -directory D:/Verilog_2026_Project/99_presentation/L05_Micro_Blaze_SPI_I2C/Master_SPI_I2C/Master_SPI_I2C.tmp/I2C_master_v1_0_project d:/Verilog_2026_Project/04_Vitis_IDE/Z00_ip_repo/I2C_master_1.0/component.xml
INFO: [ProjectBase 1-489] The host OS only allows 260 characters in a normal path. The project is stored in a path with more than 80 characters. If you experience issues with IP, Block Designs, or files not being found, please consider moving the project to a location with a shorter path. Alternately consider using the OS subst command to map part of the path to a drive letter.
Current project path is 'd:/verilog_2026_project/99_presentation/l05_micro_blaze_spi_i2c/master_spi_i2c/master_spi_i2c.tmp/i2c_master_v1_0_project'
INFO: [IP_Flow 19-234] Refreshing IP repositories
INFO: [IP_Flow 19-1704] No user IP repositories specified
INFO: [IP_Flow 19-2313] Loaded Vivado IP repository 'C:/Xilinx/Vivado/2020.2/data/ip'.
INFO: [IP_Flow 19-234] Refreshing IP repositories
INFO: [IP_Flow 19-1700] Loaded user IP repository 'd:/Verilog_2026_Project/04_Vitis_IDE/Z00_ip_repo'.
INFO: [IP_Flow 19-795] Syncing license key meta-data
ipx::edit_ip_in_project: Time (s): cpu = 00:00:09 ; elapsed = 00:00:05 . Memory (MB): peak = 1084.578 ; gain = 0.000
update_compile_order -fileset sources_1
ipx::merge_project_changes files [ipx::current_core]
WARNING: [IP_Flow 19-5226] Project source file 'd:/Verilog_2026_Project/04_Vitis_IDE/Z00_ip_repo/I2C_master_1.0/component.xml' ignored by IP packager.
ipx::update_checksums [ipx::current_core]
ipx::save_core [ipx::current_core]
synth_design -rtl -rtl_skip_mlo -name rtl_1
Command: synth_design -rtl -rtl_skip_mlo -name rtl_1
Starting synth_design
Using part: xc7a35tcpg236-1
Top: I2C_master_v1_0
INFO: [Device 21-403] Loading part xc7a35tcpg236-1
---------------------------------------------------------------------------------
Starting RTL Elaboration : Time (s): cpu = 00:00:02 ; elapsed = 00:00:02 . Memory (MB): peak = 1581.934 ; gain = 250.371
---------------------------------------------------------------------------------
INFO: [Synth 8-6157] synthesizing module 'I2C_master_v1_0' [d:/Verilog_2026_Project/04_Vitis_IDE/Z00_ip_repo/I2C_master_1.0/hdl/I2C_master_v1_0.v:4]
	Parameter C_S00_AXI_DATA_WIDTH bound to: 32 - type: integer 
	Parameter C_S00_AXI_ADDR_WIDTH bound to: 4 - type: integer 
INFO: [Synth 8-6157] synthesizing module 'I2C_master_v1_0_S00_AXI' [d:/Verilog_2026_Project/04_Vitis_IDE/Z00_ip_repo/I2C_master_1.0/hdl/I2C_master_v1_0_S00_AXI.v:4]
	Parameter C_S_AXI_DATA_WIDTH bound to: 32 - type: integer 
	Parameter C_S_AXI_ADDR_WIDTH bound to: 4 - type: integer 
	Parameter ADDR_LSB bound to: 2 - type: integer 
	Parameter OPT_MEM_ADDR_BITS bound to: 1 - type: integer 
INFO: [Synth 8-226] default block is never used [d:/Verilog_2026_Project/04_Vitis_IDE/Z00_ip_repo/I2C_master_1.0/hdl/I2C_master_v1_0_S00_AXI.v:215]
INFO: [Synth 8-226] default block is never used [d:/Verilog_2026_Project/04_Vitis_IDE/Z00_ip_repo/I2C_master_1.0/hdl/I2C_master_v1_0_S00_AXI.v:353]
INFO: [Synth 8-6155] done synthesizing module 'I2C_master_v1_0_S00_AXI' (1#1) [d:/Verilog_2026_Project/04_Vitis_IDE/Z00_ip_repo/I2C_master_1.0/hdl/I2C_master_v1_0_S00_AXI.v:4]
INFO: [Synth 8-6157] synthesizing module 'I2C_Master' [d:/Verilog_2026_Project/04_Vitis_IDE/Z00_ip_repo/I2C_master_1.0/hdl/I2C_master_v1_0.v:121]
INFO: [Synth 8-6157] synthesizing module 'i2c_master' [d:/Verilog_2026_Project/04_Vitis_IDE/Z00_ip_repo/I2C_master_1.0/hdl/I2C_master_v1_0.v:169]
	Parameter IDLE bound to: 3'b000 
	Parameter START bound to: 3'b001 
	Parameter WAIT_CMD bound to: 3'b010 
	Parameter DATA bound to: 3'b011 
	Parameter DATA_ACK bound to: 3'b100 
	Parameter STOP bound to: 3'b101 
WARNING: [Synth 8-151] case item 3'b010 is unreachable [d:/Verilog_2026_Project/04_Vitis_IDE/Z00_ip_repo/I2C_master_1.0/hdl/I2C_master_v1_0.v:270]
WARNING: [Synth 8-151] case item 3'b011 is unreachable [d:/Verilog_2026_Project/04_Vitis_IDE/Z00_ip_repo/I2C_master_1.0/hdl/I2C_master_v1_0.v:291]
WARNING: [Synth 8-151] case item 3'b100 is unreachable [d:/Verilog_2026_Project/04_Vitis_IDE/Z00_ip_repo/I2C_master_1.0/hdl/I2C_master_v1_0.v:330]
WARNING: [Synth 8-151] case item 3'b101 is unreachable [d:/Verilog_2026_Project/04_Vitis_IDE/Z00_ip_repo/I2C_master_1.0/hdl/I2C_master_v1_0.v:359]
INFO: [Synth 8-226] default block is never used [d:/Verilog_2026_Project/04_Vitis_IDE/Z00_ip_repo/I2C_master_1.0/hdl/I2C_master_v1_0.v:236]
INFO: [Synth 8-6155] done synthesizing module 'i2c_master' (2#1) [d:/Verilog_2026_Project/04_Vitis_IDE/Z00_ip_repo/I2C_master_1.0/hdl/I2C_master_v1_0.v:169]
INFO: [Synth 8-6155] done synthesizing module 'I2C_Master' (3#1) [d:/Verilog_2026_Project/04_Vitis_IDE/Z00_ip_repo/I2C_master_1.0/hdl/I2C_master_v1_0.v:121]
INFO: [Synth 8-6155] done synthesizing module 'I2C_master_v1_0' (4#1) [d:/Verilog_2026_Project/04_Vitis_IDE/Z00_ip_repo/I2C_master_1.0/hdl/I2C_master_v1_0.v:4]
---------------------------------------------------------------------------------
Finished RTL Elaboration : Time (s): cpu = 00:00:02 ; elapsed = 00:00:03 . Memory (MB): peak = 1636.516 ; gain = 304.953
---------------------------------------------------------------------------------
---------------------------------------------------------------------------------
Start Handling Custom Attributes
---------------------------------------------------------------------------------
---------------------------------------------------------------------------------
Finished Handling Custom Attributes : Time (s): cpu = 00:00:03 ; elapsed = 00:00:03 . Memory (MB): peak = 1636.516 ; gain = 304.953
---------------------------------------------------------------------------------
---------------------------------------------------------------------------------
Finished RTL Optimization Phase 1 : Time (s): cpu = 00:00:03 ; elapsed = 00:00:03 . Memory (MB): peak = 1636.516 ; gain = 304.953
---------------------------------------------------------------------------------
Netlist sorting complete. Time (s): cpu = 00:00:00 ; elapsed = 00:00:00.003 . Memory (MB): peak = 1636.516 ; gain = 0.000
INFO: [Project 1-570] Preparing netlist for logic optimization

Processing XDC Constraints
Initializing timing engine
Completed Processing XDC Constraints

Netlist sorting complete. Time (s): cpu = 00:00:00 ; elapsed = 00:00:00 . Memory (MB): peak = 1728.047 ; gain = 0.000
INFO: [Project 1-111] Unisim Transformation Summary:
No Unisim elements were transformed.

RTL Elaboration Complete:  : Time (s): cpu = 00:00:12 ; elapsed = 00:00:06 . Memory (MB): peak = 1879.352 ; gain = 547.789
14 Infos, 4 Warnings, 0 Critical Warnings and 0 Errors encountered.
synth_design completed successfully
synth_design: Time (s): cpu = 00:00:15 ; elapsed = 00:00:10 . Memory (MB): peak = 1879.352 ; gain = 794.773
set_property core_revision 3 [ipx::current_core]
ipx::update_source_project_archive -component [ipx::current_core]
ipx::create_xgui_files [ipx::current_core]
ipx::update_checksums [ipx::current_core]
ipx::check_integrity [ipx::current_core]
INFO: [IP_Flow 19-2181] Payment Required is not set for this core.
INFO: [IP_Flow 19-2187] The Product Guide file is missing.
INFO: [Ipptcl 7-1486] check_integrity: Integrity check passed.
ipx::save_core [ipx::current_core]
ipx::move_temp_component_back -component [ipx::current_core]
close_project -delete
update_ip_catalog -rebuild -repo_path d:/Verilog_2026_Project/04_Vitis_IDE/Z00_ip_repo
INFO: [IP_Flow 19-725] Reloaded user IP repository 'd:/Verilog_2026_Project/04_Vitis_IDE/Z00_ip_repo'
open_bd_design {D:/Verilog_2026_Project/99_presentation/L05_Micro_Blaze_SPI_I2C/Master_SPI_I2C/Master_SPI_I2C.srcs/sources_1/bd/design_1/design_1.bd}
Reading block design file <D:/Verilog_2026_Project/99_presentation/L05_Micro_Blaze_SPI_I2C/Master_SPI_I2C/Master_SPI_I2C.srcs/sources_1/bd/design_1/design_1.bd>...
Adding component instance block -- xilinx.com:ip:microblaze:11.0 - microblaze_0
Adding component instance block -- xilinx.com:ip:lmb_v10:3.0 - dlmb_v10
Adding component instance block -- xilinx.com:ip:lmb_v10:3.0 - ilmb_v10
Adding component instance block -- xilinx.com:ip:lmb_bram_if_cntlr:4.0 - dlmb_bram_if_cntlr
Adding component instance block -- xilinx.com:ip:lmb_bram_if_cntlr:4.0 - ilmb_bram_if_cntlr
Adding component instance block -- xilinx.com:ip:blk_mem_gen:8.4 - lmb_bram
Adding component instance block -- xilinx.com:ip:axi_interconnect:2.1 - microblaze_0_axi_periph
Adding component instance block -- xilinx.com:ip:axi_crossbar:2.1 - xbar
Adding component instance block -- xilinx.com:ip:axi_intc:4.1 - microblaze_0_axi_intc
Adding component instance block -- xilinx.com:ip:xlconcat:2.1 - microblaze_0_xlconcat
Adding component instance block -- xilinx.com:ip:mdm:3.2 - mdm_1
Adding component instance block -- xilinx.com:ip:clk_wiz:6.0 - clk_wiz_1
Adding component instance block -- xilinx.com:ip:proc_sys_reset:5.0 - rst_clk_wiz_1_100M
Adding component instance block -- xilinx.com:ip:axi_uartlite:2.0 - axi_uartlite_0
Adding component instance block -- xilinx.com:user:GPIO:1.0 - GPIO_0
Adding component instance block -- xilinx.com:user:TMR:1.0 - TMR_0
Adding component instance block -- xilinx.com:user:TMR:1.0 - TMR_1
Adding component instance block -- xilinx.com:user:TMR:1.0 - TMR_2
Adding component instance block -- xilinx.com:user:SIP_master:1.0 - SIP_master_0
Adding component instance block -- xilinx.com:user:I2C_master:1.0 - I2C_master_0
Adding component instance block -- xilinx.com:user:GPIO:1.0 - GPIO_1
Adding component instance block -- xilinx.com:user:GPIO:1.0 - GPIO_2
Successfully read diagram <design_1> from block design file <D:/Verilog_2026_Project/99_presentation/L05_Micro_Blaze_SPI_I2C/Master_SPI_I2C/Master_SPI_I2C.srcs/sources_1/bd/design_1/design_1.bd>
open_bd_design: Time (s): cpu = 00:00:08 ; elapsed = 00:00:09 . Memory (MB): peak = 1896.543 ; gain = 0.000
report_ip_status -name ip_status 
upgrade_ip [get_ips  {I2C_master_0 design_1_I2C_master_0_0}] -log ip_upgrade.log
Upgrading 'I2C_master_0'
INFO: [IP_Flow 19-3422] Upgraded I2C_master_0 (I2C_master_v1.0 1.0) from revision 2 to revision 3
INFO: [IP_Flow 19-1686] Generating 'Instantiation Template' target for IP 'I2C_master_0'...
Upgrading 'D:/Verilog_2026_Project/99_presentation/L05_Micro_Blaze_SPI_I2C/Master_SPI_I2C/Master_SPI_I2C.srcs/sources_1/bd/design_1/design_1.bd'
INFO: [IP_Flow 19-3422] Upgraded design_1_I2C_master_0_0 (I2C_master_v1.0 1.0) from revision 2 to revision 3
Wrote  : <D:\Verilog_2026_Project\99_presentation\L05_Micro_Blaze_SPI_I2C\Master_SPI_I2C\Master_SPI_I2C.srcs\sources_1\bd\design_1\design_1.bd> 
Wrote  : <D:/Verilog_2026_Project/99_presentation/L05_Micro_Blaze_SPI_I2C/Master_SPI_I2C/Master_SPI_I2C.srcs/sources_1/bd/design_1/ui/bd_1f5defd0.ui> 
INFO: [Coretcl 2-1525] Wrote upgrade log to 'D:/Verilog_2026_Project/99_presentation/L05_Micro_Blaze_SPI_I2C/Master_SPI_I2C/ip_upgrade.log'.
export_ip_user_files -of_objects [get_ips {I2C_master_0 design_1_I2C_master_0_0}] -no_script -sync -force -quiet
report_ip_status -name ip_status 
reset_run synth_1
launch_runs impl_1 -to_step write_bitstream -jobs 16
INFO: [xilinx.com:ip:axi_intc:4.1-1] /microblaze_0_axi_intc: The AXI INTC core has been configured to operate with synchronous clocks.
INFO: [xilinx.com:ip:clk_wiz:6.0-1] /clk_wiz_1 clk_wiz propagate
Wrote  : <D:\Verilog_2026_Project\99_presentation\L05_Micro_Blaze_SPI_I2C\Master_SPI_I2C\Master_SPI_I2C.srcs\sources_1\bd\design_1\design_1.bd> 
VHDL Output written to : d:/Verilog_2026_Project/99_presentation/L05_Micro_Blaze_SPI_I2C/Master_SPI_I2C/Master_SPI_I2C.gen/sources_1/bd/design_1/synth/design_1.v
VHDL Output written to : d:/Verilog_2026_Project/99_presentation/L05_Micro_Blaze_SPI_I2C/Master_SPI_I2C/Master_SPI_I2C.gen/sources_1/bd/design_1/sim/design_1.v
VHDL Output written to : d:/Verilog_2026_Project/99_presentation/L05_Micro_Blaze_SPI_I2C/Master_SPI_I2C/Master_SPI_I2C.gen/sources_1/bd/design_1/hdl/design_1_wrapper.v
INFO: [BD 41-1029] Generation completed for the IP Integrator block I2C_master_0 .
Exporting to file d:/Verilog_2026_Project/99_presentation/L05_Micro_Blaze_SPI_I2C/Master_SPI_I2C/Master_SPI_I2C.gen/sources_1/bd/design_1/hw_handoff/design_1.hwh
Generated Block Design Tcl file d:/Verilog_2026_Project/99_presentation/L05_Micro_Blaze_SPI_I2C/Master_SPI_I2C/Master_SPI_I2C.gen/sources_1/bd/design_1/hw_handoff/design_1_bd.tcl
Generated Hardware Definition File d:/Verilog_2026_Project/99_presentation/L05_Micro_Blaze_SPI_I2C/Master_SPI_I2C/Master_SPI_I2C.gen/sources_1/bd/design_1/synth/design_1.hwdef
[Mon May  4 19:45:36 2026] Launched synth_1...
Run output will be captured here: D:/Verilog_2026_Project/99_presentation/L05_Micro_Blaze_SPI_I2C/Master_SPI_I2C/Master_SPI_I2C.runs/synth_1/runme.log
[Mon May  4 19:45:36 2026] Launched impl_1...
Run output will be captured here: D:/Verilog_2026_Project/99_presentation/L05_Micro_Blaze_SPI_I2C/Master_SPI_I2C/Master_SPI_I2C.runs/impl_1/runme.log
launch_runs: Time (s): cpu = 00:00:10 ; elapsed = 00:00:11 . Memory (MB): peak = 2066.375 ; gain = 6.617
open_bd_design {D:/Verilog_2026_Project/99_presentation/L05_Micro_Blaze_SPI_I2C/Master_SPI_I2C/Master_SPI_I2C.srcs/sources_1/bd/design_1/design_1.bd}
write_hw_platform -fixed -include_bit -force -file D:/Verilog_2026_Project/99_presentation/L05_Micro_Blaze_SPI_I2C/XSA/design_1_wrapper.xsa
INFO: [Vivado 12-4895] Creating Hardware Platform: D:/Verilog_2026_Project/99_presentation/L05_Micro_Blaze_SPI_I2C/XSA/design_1_wrapper.xsa ...
INFO: [Hsi 55-2053] elapsed time for repository (C:/Xilinx/Vivado/2020.2/data\embeddedsw) loading 1 seconds
WARNING: [Project 1-645] Board images not set in Hardware Platform.
INFO: [Vivado 12-12467] The Hardware Platform can be used for Hardware
INFO: [Vivado 12-4896] Successfully created Hardware Platform: D:/Verilog_2026_Project/99_presentation/L05_Micro_Blaze_SPI_I2C/XSA/design_1_wrapper.xsa
update_ip_catalog -rebuild -scan_changes
INFO: [IP_Flow 19-234] Refreshing IP repositories
INFO: [IP_Flow 19-1700] Loaded user IP repository 'd:/Verilog_2026_Project/04_Vitis_IDE/Z00_ip_repo'.
report_ip_status -name ip_status
ipx::edit_ip_in_project -upgrade true -name I2C_master_v1_0_project -directory D:/Verilog_2026_Project/99_presentation/L05_Micro_Blaze_SPI_I2C/Master_SPI_I2C/Master_SPI_I2C.tmp/I2C_master_v1_0_project d:/Verilog_2026_Project/04_Vitis_IDE/Z00_ip_repo/I2C_master_1.0/component.xml
INFO: [ProjectBase 1-489] The host OS only allows 260 characters in a normal path. The project is stored in a path with more than 80 characters. If you experience issues with IP, Block Designs, or files not being found, please consider moving the project to a location with a shorter path. Alternately consider using the OS subst command to map part of the path to a drive letter.
Current project path is 'd:/verilog_2026_project/99_presentation/l05_micro_blaze_spi_i2c/master_spi_i2c/master_spi_i2c.tmp/i2c_master_v1_0_project'
INFO: [IP_Flow 19-234] Refreshing IP repositories
INFO: [IP_Flow 19-1704] No user IP repositories specified
INFO: [IP_Flow 19-2313] Loaded Vivado IP repository 'C:/Xilinx/Vivado/2020.2/data/ip'.
INFO: [IP_Flow 19-234] Refreshing IP repositories
INFO: [IP_Flow 19-1700] Loaded user IP repository 'd:/Verilog_2026_Project/04_Vitis_IDE/Z00_ip_repo'.
INFO: [IP_Flow 19-795] Syncing license key meta-data
ipx::merge_project_changes hdl_parameters [ipx::current_core]
WARNING: [IP_Flow 19-5226] Project source file 'd:/Verilog_2026_Project/04_Vitis_IDE/Z00_ip_repo/I2C_master_1.0/component.xml' ignored by IP packager.
INFO: [IP_Flow 19-3166] Bus Interface 'S00_AXI': References existing memory map 'S00_AXI'.
update_compile_order -fileset sources_1
set_property core_revision 4 [ipx::current_core]
ipx::update_source_project_archive -component [ipx::current_core]
ipx::create_xgui_files [ipx::current_core]
ipx::update_checksums [ipx::current_core]
ipx::check_integrity [ipx::current_core]
INFO: [IP_Flow 19-2181] Payment Required is not set for this core.
INFO: [IP_Flow 19-2187] The Product Guide file is missing.
INFO: [Ipptcl 7-1486] check_integrity: Integrity check passed.
ipx::save_core [ipx::current_core]
ipx::move_temp_component_back -component [ipx::current_core]
close_project -delete
update_ip_catalog -rebuild -repo_path d:/Verilog_2026_Project/04_Vitis_IDE/Z00_ip_repo
INFO: [IP_Flow 19-725] Reloaded user IP repository 'd:/Verilog_2026_Project/04_Vitis_IDE/Z00_ip_repo'
open_bd_design {D:/Verilog_2026_Project/99_presentation/L05_Micro_Blaze_SPI_I2C/Master_SPI_I2C/Master_SPI_I2C.srcs/sources_1/bd/design_1/design_1.bd}
report_ip_status -name ip_status 
upgrade_ip [get_ips  {I2C_master_0 design_1_I2C_master_0_0}] -log ip_upgrade.log
Upgrading 'I2C_master_0'
INFO: [IP_Flow 19-3422] Upgraded I2C_master_0 (I2C_master_v1.0 1.0) from revision 3 to revision 4
INFO: [IP_Flow 19-1686] Generating 'Instantiation Template' target for IP 'I2C_master_0'...
Upgrading 'D:/Verilog_2026_Project/99_presentation/L05_Micro_Blaze_SPI_I2C/Master_SPI_I2C/Master_SPI_I2C.srcs/sources_1/bd/design_1/design_1.bd'
INFO: [IP_Flow 19-3422] Upgraded design_1_I2C_master_0_0 (I2C_master_v1.0 1.0) from revision 3 to revision 4
Wrote  : <D:\Verilog_2026_Project\99_presentation\L05_Micro_Blaze_SPI_I2C\Master_SPI_I2C\Master_SPI_I2C.srcs\sources_1\bd\design_1\design_1.bd> 
Wrote  : <D:/Verilog_2026_Project/99_presentation/L05_Micro_Blaze_SPI_I2C/Master_SPI_I2C/Master_SPI_I2C.srcs/sources_1/bd/design_1/ui/bd_1f5defd0.ui> 
INFO: [Coretcl 2-1525] Wrote upgrade log to 'D:/Verilog_2026_Project/99_presentation/L05_Micro_Blaze_SPI_I2C/Master_SPI_I2C/ip_upgrade.log'.
export_ip_user_files -of_objects [get_ips {I2C_master_0 design_1_I2C_master_0_0}] -no_script -sync -force -quiet
report_ip_status -name ip_status 
reset_run synth_1
launch_runs impl_1 -to_step write_bitstream -jobs 16
INFO: [xilinx.com:ip:axi_intc:4.1-1] /microblaze_0_axi_intc: The AXI INTC core has been configured to operate with synchronous clocks.
INFO: [xilinx.com:ip:clk_wiz:6.0-1] /clk_wiz_1 clk_wiz propagate
Wrote  : <D:\Verilog_2026_Project\99_presentation\L05_Micro_Blaze_SPI_I2C\Master_SPI_I2C\Master_SPI_I2C.srcs\sources_1\bd\design_1\design_1.bd> 
VHDL Output written to : d:/Verilog_2026_Project/99_presentation/L05_Micro_Blaze_SPI_I2C/Master_SPI_I2C/Master_SPI_I2C.gen/sources_1/bd/design_1/synth/design_1.v
VHDL Output written to : d:/Verilog_2026_Project/99_presentation/L05_Micro_Blaze_SPI_I2C/Master_SPI_I2C/Master_SPI_I2C.gen/sources_1/bd/design_1/sim/design_1.v
VHDL Output written to : d:/Verilog_2026_Project/99_presentation/L05_Micro_Blaze_SPI_I2C/Master_SPI_I2C/Master_SPI_I2C.gen/sources_1/bd/design_1/hdl/design_1_wrapper.v
INFO: [BD 41-1029] Generation completed for the IP Integrator block I2C_master_0 .
Exporting to file d:/Verilog_2026_Project/99_presentation/L05_Micro_Blaze_SPI_I2C/Master_SPI_I2C/Master_SPI_I2C.gen/sources_1/bd/design_1/hw_handoff/design_1.hwh
Generated Block Design Tcl file d:/Verilog_2026_Project/99_presentation/L05_Micro_Blaze_SPI_I2C/Master_SPI_I2C/Master_SPI_I2C.gen/sources_1/bd/design_1/hw_handoff/design_1_bd.tcl
Generated Hardware Definition File d:/Verilog_2026_Project/99_presentation/L05_Micro_Blaze_SPI_I2C/Master_SPI_I2C/Master_SPI_I2C.gen/sources_1/bd/design_1/synth/design_1.hwdef
[Mon May  4 20:16:45 2026] Launched synth_1...
Run output will be captured here: D:/Verilog_2026_Project/99_presentation/L05_Micro_Blaze_SPI_I2C/Master_SPI_I2C/Master_SPI_I2C.runs/synth_1/runme.log
[Mon May  4 20:16:45 2026] Launched impl_1...
Run output will be captured here: D:/Verilog_2026_Project/99_presentation/L05_Micro_Blaze_SPI_I2C/Master_SPI_I2C/Master_SPI_I2C.runs/impl_1/runme.log
launch_runs: Time (s): cpu = 00:00:13 ; elapsed = 00:00:14 . Memory (MB): peak = 2341.809 ; gain = 2.543
write_hw_platform -fixed -include_bit -force -file D:/Verilog_2026_Project/99_presentation/L05_Micro_Blaze_SPI_I2C/XSA/design_1_wrapper.xsa
INFO: [Vivado 12-4895] Creating Hardware Platform: D:/Verilog_2026_Project/99_presentation/L05_Micro_Blaze_SPI_I2C/XSA/design_1_wrapper.xsa ...
WARNING: [Project 1-645] Board images not set in Hardware Platform.
INFO: [Vivado 12-12467] The Hardware Platform can be used for Hardware
INFO: [Vivado 12-4896] Successfully created Hardware Platform: D:/Verilog_2026_Project/99_presentation/L05_Micro_Blaze_SPI_I2C/XSA/design_1_wrapper.xsa
ipx::edit_ip_in_project -upgrade true -name I2C_master_v1_0_project -directory D:/Verilog_2026_Project/99_presentation/L05_Micro_Blaze_SPI_I2C/Master_SPI_I2C/Master_SPI_I2C.tmp/I2C_master_v1_0_project d:/Verilog_2026_Project/04_Vitis_IDE/Z00_ip_repo/I2C_master_1.0/component.xml
INFO: [ProjectBase 1-489] The host OS only allows 260 characters in a normal path. The project is stored in a path with more than 80 characters. If you experience issues with IP, Block Designs, or files not being found, please consider moving the project to a location with a shorter path. Alternately consider using the OS subst command to map part of the path to a drive letter.
Current project path is 'd:/verilog_2026_project/99_presentation/l05_micro_blaze_spi_i2c/master_spi_i2c/master_spi_i2c.tmp/i2c_master_v1_0_project'
INFO: [IP_Flow 19-234] Refreshing IP repositories
INFO: [IP_Flow 19-1704] No user IP repositories specified
INFO: [IP_Flow 19-2313] Loaded Vivado IP repository 'C:/Xilinx/Vivado/2020.2/data/ip'.
INFO: [IP_Flow 19-234] Refreshing IP repositories
INFO: [IP_Flow 19-1700] Loaded user IP repository 'd:/Verilog_2026_Project/04_Vitis_IDE/Z00_ip_repo'.
INFO: [IP_Flow 19-795] Syncing license key meta-data
update_compile_order -fileset sources_1
ipx::merge_project_changes files [ipx::current_core]
WARNING: [IP_Flow 19-5226] Project source file 'd:/Verilog_2026_Project/04_Vitis_IDE/Z00_ip_repo/I2C_master_1.0/component.xml' ignored by IP packager.
ipx::update_checksums [ipx::current_core]
ipx::save_core [ipx::current_core]
set_property core_revision 5 [ipx::current_core]
ipx::update_source_project_archive -component [ipx::current_core]
ipx::create_xgui_files [ipx::current_core]
ipx::update_checksums [ipx::current_core]
ipx::check_integrity [ipx::current_core]
INFO: [IP_Flow 19-2181] Payment Required is not set for this core.
INFO: [IP_Flow 19-2187] The Product Guide file is missing.
INFO: [Ipptcl 7-1486] check_integrity: Integrity check passed.
ipx::save_core [ipx::current_core]
set_property core_revision 6 [ipx::current_core]
ipx::update_source_project_archive -component [ipx::current_core]
ipx::create_xgui_files [ipx::current_core]
ipx::update_checksums [ipx::current_core]
ipx::check_integrity [ipx::current_core]
INFO: [IP_Flow 19-2181] Payment Required is not set for this core.
INFO: [IP_Flow 19-2187] The Product Guide file is missing.
INFO: [Ipptcl 7-1486] check_integrity: Integrity check passed.
ipx::save_core [ipx::current_core]
ipx::move_temp_component_back -component [ipx::current_core]
close_project -delete
update_ip_catalog -rebuild -repo_path d:/Verilog_2026_Project/04_Vitis_IDE/Z00_ip_repo
INFO: [IP_Flow 19-725] Reloaded user IP repository 'd:/Verilog_2026_Project/04_Vitis_IDE/Z00_ip_repo'
report_ip_status -name ip_status 
upgrade_ip [get_ips  {I2C_master_0 design_1_I2C_master_0_0}] -log ip_upgrade.log
Upgrading 'I2C_master_0'
INFO: [IP_Flow 19-3422] Upgraded I2C_master_0 (I2C_master_v1.0 1.0) from revision 4 to revision 6
INFO: [IP_Flow 19-1686] Generating 'Instantiation Template' target for IP 'I2C_master_0'...
Upgrading 'D:/Verilog_2026_Project/99_presentation/L05_Micro_Blaze_SPI_I2C/Master_SPI_I2C/Master_SPI_I2C.srcs/sources_1/bd/design_1/design_1.bd'
INFO: [IP_Flow 19-3422] Upgraded design_1_I2C_master_0_0 (I2C_master_v1.0 1.0) from revision 4 to revision 6
Wrote  : <D:\Verilog_2026_Project\99_presentation\L05_Micro_Blaze_SPI_I2C\Master_SPI_I2C\Master_SPI_I2C.srcs\sources_1\bd\design_1\design_1.bd> 
Wrote  : <D:/Verilog_2026_Project/99_presentation/L05_Micro_Blaze_SPI_I2C/Master_SPI_I2C/Master_SPI_I2C.srcs/sources_1/bd/design_1/ui/bd_1f5defd0.ui> 
INFO: [Coretcl 2-1525] Wrote upgrade log to 'D:/Verilog_2026_Project/99_presentation/L05_Micro_Blaze_SPI_I2C/Master_SPI_I2C/ip_upgrade.log'.
export_ip_user_files -of_objects [get_ips {I2C_master_0 design_1_I2C_master_0_0}] -no_script -sync -force -quiet
report_ip_status -name ip_status 
reset_run synth_1
launch_runs impl_1 -to_step write_bitstream -jobs 16
INFO: [xilinx.com:ip:axi_intc:4.1-1] /microblaze_0_axi_intc: The AXI INTC core has been configured to operate with synchronous clocks.
INFO: [xilinx.com:ip:clk_wiz:6.0-1] /clk_wiz_1 clk_wiz propagate
Wrote  : <D:\Verilog_2026_Project\99_presentation\L05_Micro_Blaze_SPI_I2C\Master_SPI_I2C\Master_SPI_I2C.srcs\sources_1\bd\design_1\design_1.bd> 
VHDL Output written to : d:/Verilog_2026_Project/99_presentation/L05_Micro_Blaze_SPI_I2C/Master_SPI_I2C/Master_SPI_I2C.gen/sources_1/bd/design_1/synth/design_1.v
VHDL Output written to : d:/Verilog_2026_Project/99_presentation/L05_Micro_Blaze_SPI_I2C/Master_SPI_I2C/Master_SPI_I2C.gen/sources_1/bd/design_1/sim/design_1.v
VHDL Output written to : d:/Verilog_2026_Project/99_presentation/L05_Micro_Blaze_SPI_I2C/Master_SPI_I2C/Master_SPI_I2C.gen/sources_1/bd/design_1/hdl/design_1_wrapper.v
INFO: [BD 41-1029] Generation completed for the IP Integrator block I2C_master_0 .
Exporting to file d:/Verilog_2026_Project/99_presentation/L05_Micro_Blaze_SPI_I2C/Master_SPI_I2C/Master_SPI_I2C.gen/sources_1/bd/design_1/hw_handoff/design_1.hwh
Generated Block Design Tcl file d:/Verilog_2026_Project/99_presentation/L05_Micro_Blaze_SPI_I2C/Master_SPI_I2C/Master_SPI_I2C.gen/sources_1/bd/design_1/hw_handoff/design_1_bd.tcl
Generated Hardware Definition File d:/Verilog_2026_Project/99_presentation/L05_Micro_Blaze_SPI_I2C/Master_SPI_I2C/Master_SPI_I2C.gen/sources_1/bd/design_1/synth/design_1.hwdef
[Mon May  4 20:35:53 2026] Launched synth_1...
Run output will be captured here: D:/Verilog_2026_Project/99_presentation/L05_Micro_Blaze_SPI_I2C/Master_SPI_I2C/Master_SPI_I2C.runs/synth_1/runme.log
[Mon May  4 20:35:53 2026] Launched impl_1...
Run output will be captured here: D:/Verilog_2026_Project/99_presentation/L05_Micro_Blaze_SPI_I2C/Master_SPI_I2C/Master_SPI_I2C.runs/impl_1/runme.log
launch_runs: Time (s): cpu = 00:00:11 ; elapsed = 00:00:13 . Memory (MB): peak = 2791.871 ; gain = 0.000
write_hw_platform -fixed -include_bit -force -file D:/Verilog_2026_Project/99_presentation/L05_Micro_Blaze_SPI_I2C/XSA/design_1_wrapper.xsa
INFO: [Vivado 12-4895] Creating Hardware Platform: D:/Verilog_2026_Project/99_presentation/L05_Micro_Blaze_SPI_I2C/XSA/design_1_wrapper.xsa ...
WARNING: [Project 1-645] Board images not set in Hardware Platform.
INFO: [Vivado 12-12467] The Hardware Platform can be used for Hardware
INFO: [Vivado 12-4896] Successfully created Hardware Platform: D:/Verilog_2026_Project/99_presentation/L05_Micro_Blaze_SPI_I2C/XSA/design_1_wrapper.xsa
exit
INFO: [Common 17-206] Exiting Vivado at Mon May  4 21:57:22 2026...
